Server listening on port 9031
Connection accepted from 127.0.0.1:34380
Received: HELO ll83u@vh177.com
Received: MAIL FROM:<ll83u@vh177.com>
Received: RCPT TO:<gjn6jcm5@sna3u.edu>
Received: RCPT TO:<>
Received: DATA
Received: From: "Bob Example" <ll83u@vh177.com>
Received: To: "Alice Example" <gjn6jcm5@sna3u.edu>
Received: Cc: 
Received: Date: Tue, 15 Jan 2008 16:02:43 -0500
Received: Subject: Test message 7258
Received: 
Received: Hello Alice. This is a test message with 5 header fields and 4 lines in the message body. 
Received:                    Your friend, Bob. Random number: 5984
Received: 
Received: .
Message ring buffer updated.
Message ring buffer size: 5
Message ring buffer index: 1
Message #0
MAIL FROM:
<ll83u@vh177.com>
RCPT TO:
<gjn6jcm5@sna3u.edu> 
DATA:
From: "Bob Example" <ll83u@vh177.com>
To: "Alice Example" <gjn6jcm5@sna3u.edu>
Cc: 
Date: Tue, 15 Jan 2008 16:02:43 -0500
Subject: Test message 7258

Hello Alice. This is a test message with 5 header fields and 4 lines in the message body. 
                   Your friend, Bob. Random number: 5984


--
Message #1
MAIL FROM:

RCPT TO:

DATA:

--
Message #2
MAIL FROM:

RCPT TO:

DATA:

--
Message #3
MAIL FROM:

RCPT TO:

DATA:

--
Message #4
MAIL FROM:

RCPT TO:

DATA:

--
Received: QUIT
Connection closed
Connection accepted from 127.0.0.1:34384
Received: HELO dvlo0@aj9t3ne.org
Received: MAIL FROM:<dvlo0@aj9t3ne.org>
Received: RCPT TO:<engie@8zxa549.org>
Received: RCPT TO:<c=plaw@org;4yi5he3ctyv2toy62xvt4p6bx4is@j7wxxdjv6sdma4d5kq3kj5j43hj0zm.org;9h4epar42zxzulwoquyz6@gxzp87c5si3gxm59pbybbcvc4ddekttjaeasmsvz3zmch.gov;ebcdavkw1hq6yuqtcsbb37bhjoecwwpc50yezrmjm0gkhfq747zsm59x51cgqpb2abmybxrywzbvd4y3weg5216@4xcnw8yoecqohw6o83401yosjc8oqlmzue81zczxngqkspeo9eu97ngxjurfnkyt2ri69yr8gsobo6nnry29kv3#gov;kw3l2$s.org;rnsuorz4bsamsm7@tl7j.gov;fk9w8faxsolt06whcfz6dzl3x@eaa4idxxim72p03qsow(edu;98duoso83@a8ogavj3ngxzwzenvjgley.edu;4mroqk340ddp61kthbhzzcyavap0rhnev!i6p524a7ux.com;nk978vxkzcp5bii59v5nrmpishknvhflwyfbs03wg@f3ubdpi1qq2ofjggwjwulwrhq84nxqwfvlgo04d9wcyhlzltjashbuffvgslabjeeo4d*edu>
Received: DATA
Received: From: "Bob Example" <dvlo0@aj9t3ne.org>
Received: To: "Alice Example" <engie@8zxa549.org>
Received: Cc: c=plaw@org;4yi5he3ctyv2toy62xvt4p6bx4is@j7wxxdjv6sdma4d5kq3kj5j43hj0zm.org;9h4epar42zxzulwoquyz6@gxzp87c5si3gxm59pbybbcvc4ddekttjaeasmsvz3zmch.gov;ebcdavkw1hq6yuqtcsbb37bhjoecwwpc50yezrmjm0gkhfq747zsm59x51cgqpb2abmybxrywzbvd4y3weg5216@4xcnw8yoecqohw6o83401yosjc8oqlmzue81zczxngqkspeo9eu97ngxjurfnkyt2ri69yr8gsobo6nnry29kv3#gov;kw3l2$s.org;rnsuorz4bsamsm7@tl7j.gov;fk9w8faxsolt06whcfz6dzl3x@eaa4idxxim72p03qsow(edu;98duoso83@a8ogavj3ngxzwzenvjgley.edu;4mroqk340ddp61kthbhzzcyavap0rhnev!i6p524a7ux.com;nk978vxkzcp5bii59v5nrmpishknvhflwyfbs03wg@f3ubdpi1qq2ofjggwjwulwrhq84nxqwfvlgo04d9wcyhlzltjashbuffvgslabjeeo4d*edu
Received: Date: Tue, 15 Jan 2008 16:02:43 -0500
Received: Subject: Test message 5747
Received: 
Received: Hello Alice. This is a test message with 5 header fields and 4 lines in the message body. 
Received:                    Your friend, Bob. Random number: 9797
Received: 
Received: .
Message ring buffer updated.
Message ring buffer size: 5
Message ring buffer index: 2
Message #0
MAIL FROM:
<ll83u@vh177.com>
RCPT TO:
<gjn6jcm5@sna3u.edu> 
DATA:
From: "Bob Example" <ll83u@vh177.com>
To: "Alice Example" <gjn6jcm5@sna3u.edu>
Cc: 
Date: Tue, 15 Jan 2008 16:02:43 -0500
Subject: Test message 7258

Hello Alice. This is a test message with 5 header fields and 4 lines in the message body. 
                   Your friend, Bob. Random number: 5984


--
Message #1
MAIL FROM:
<dvlo0@aj9t3ne.org>
RCPT TO:
<c=plaw@org;4yi5he3ctyv2toy62xvt4p6bx4is@j7wxxdjv6sdma4d5kq3kj5j43hj0zm.org;9h4epar42zxzulwoquyz6@gxzp87c5si3gxm59pbybbcvc4ddekttjaeasmsvz3zmch.gov;ebcdavkw1hq6yuqtcsbb37bhjoecwwpc50yezrmjm0gkhfq747zsm59x51cgqpb2abmybxrywzbvd4y3weg5216@4xcnw8yoecqohw6o83401yosjc8oqlmzue81zczxngqkspeo9eu97ngxjurfnkyt2ri69yr8gsobo6nnry29kv3#gov;kw3l2$s.org;rnsuorz4bsamsm7@tl7j.gov;fk9w8faxsolt06whcfz6dzl3x@eaa4idxxim72p03qsow(edu;98duoso83@a8ogAddressSanitizer:DEADLYSIGNAL
=================================================================
==571583==ERROR: AddressSanitizer: SEGV on unknown address (pc 0x555555558388 bp 0x7fffffffd2c0 sp 0x7fffffffd2a0 T0)
==571583==The signal is caused by a READ memory access.
==571583==Hint: this fault was caused by a dereference of a high value address (see register values below).  Dissassemble the provided pc to learn which register was used.
    #0 0x555555558388 in print_list (/home/brittanyboles/AutoVulnDiscovery/Assignment2/voidsmtpd+0x4388)
    #1 0x55555555845f in print_message (/home/brittanyboles/AutoVulnDiscovery/Assignment2/voidsmtpd+0x445f)
    #2 0x555555558528 in print_queue (/home/brittanyboles/AutoVulnDiscovery/Assignment2/voidsmtpd+0x4528)
    #3 0x5555555571ea in handle_client (/home/brittanyboles/AutoVulnDiscovery/Assignment2/voidsmtpd+0x31ea)
    #4 0x555555556cf1 in main (/home/brittanyboles/AutoVulnDiscovery/Assignment2/voidsmtpd+0x2cf1)
    #5 0x7ffff7029d8f in __libc_start_call_main ../sysdeps/nptl/libc_start_call_main.h:58
    #6 0x7ffff7029e3f in __libc_start_main_impl ../csu/libc-start.c:392
    #7 0x555555556664 in _start (/home/brittanyboles/AutoVulnDiscovery/Assignment2/voidsmtpd+0x2664)

AddressSanitizer can not provide additional info.
SUMMARY: AddressSanitizer: SEGV (/home/brittanyboles/AutoVulnDiscovery/Assignment2/voidsmtpd+0x4388) in print_list
==571583==ABORTING
