Server listening on port 9028
Connection accepted from 127.0.0.1:52714
Received: HELO ux0erc9j55@c5m6n.gov
Received: MAIL FROM:<ux0erc9j55@c5m6n.gov>
Received: RCPT TO:<73kqi@k2en9rb.gov>
Received: RCPT TO:<ylffd0uq1o@o4623bsv.org>
Received: DATA
Received: From: "Bob Example" <ux0erc9j55@c5m6n.gov>
Received: To: "Alice Example" <73kqi@k2en9rb.gov>
Received: Cc: ylffd0uq1o@o4623bsv.org
Received: Date: Tue, 15 Jan 2008 16:02:43 -0500
Received: Subject: Test message
Received: 
Received: Hello Alice.  This is a test message with 5 header fields and 4 lines in the message body.  Your friend, Bob
Received: 
Received: .
Message ring buffer updated.
Message ring buffer size: 5
Message ring buffer index: 1
Message #0
MAIL FROM:
<ux0erc9j55@c5m6n.gov>
RCPT TO:
<ylffd0uq1o@o4623bsv.org> <73kqi@k2en9rb.gov> 
DATA:
From: "Bob Example" <ux0erc9j55@c5m6n.gov>
To: "Alice Example" <73kqi@k2en9rb.gov>
Cc: ylffd0uq1o@o4623bsv.org
Date: Tue, 15 Jan 2008 16:02:43 -0500
Subject: Test message

Hello Alice.  This is a test message with 5 header fields and 4 lines in the message body.  Your friend, Bob


--
Message #1
MAIL FROM:

RCPT TO:

DATA:

--
Message #2
MAIL FROM:

RCPT TO:

DATA:

--
Message #3
MAIL FROM:

RCPT TO:

DATA:

--
Message #4
MAIL FROM:

RCPT TO:

DATA:

--
Received: QUIT
Connection closed
Connection accepted from 127.0.0.1:52722
Received: HELO 88jal7rfk@lrafuf.gov
Received: MAIL FROM:<88jal7rfk@lrafuf.gov>
Received: RCPT TO:<givbt@g2skpnq867.gov>
Received: RCPT TO:<781c8ar@fe9844a.net>
Received: DATA
Received: From: "Bob Example" <88jal7rfk@lrafuf.gov>
Received: To: "Alice Example" <givbt@g2skpnq867.gov>
Received: Cc: 781c8ar@fe9844a.net
Received: Date: Tue, 15 Jan 2008 16:02:43 -0500
Received: Subject: Test message
Received: 
Received: Hello Alice.  This is a test message with 5 header fields and 4 lines in the message body.  Your friend, Bob
Received: 
Received: .
Message ring buffer updated.
Message ring buffer size: 5
Message ring buffer index: 2
Message #0
MAIL FROM:
<ux0erc9j55@c5m6n.gov>
RCPT TO:
<ylffd0uq1o@o4623bsv.org> <73kqi@k2en9rb.gov> 
DATA:
From: "Bob Example" <ux0erc9j55@c5m6n.gov>
To: "Alice Example" <73kqi@k2en9rb.gov>
Cc: ylffd0uq1o@o4623bsv.org
Date: Tue, 15 Jan 2008 16:02:43 -0500
Subject: Test message

Hello Alice.  This is a test message with 5 header fields and 4 lines in the message body.  Your friend, Bob


--
Message #1
MAIL FROM:
<88jal7rfk@lrafuf.gov>
RCPT TO:
<781c8ar@fe9844a.net> <givbt@g2skpnq867.gov> 
DATA:
From: "Bob Example" <88jal7rfk@lrafuf.gov>
To: "Alice Example" <givbt@g2skpnq867.gov>
Cc: 781c8ar@fe9844a.net
Date: Tue, 15 Jan 2008 16:02:43 -0500
Subject: Test message

Hello Alice.  This is a test message with 5 header fields and 4 lines in the message body.  Your friend, Bob


--
Message #2
MAIL FROM:

RCPT TO:

DATA:

--
Message #3
MAIL FROM:

RCPT TO:

DATA:

--
Message #4
MAIL FROM:

RCPT TO:

DATA:

--
Received: QUIT
Connection closed
Connection accepted from 127.0.0.1:34110
Received: HELO q0tpaqt@fhbx9s5y67.com
Received: MAIL FROM:<q0tpaqt@fhbx9s5y67.com>
Received: RCPT TO:<z22na2@zhqrhc.net>
Received: RCPT TO:<fczb6h@4rrmo20lo.com>
Received: DATA
Received: From: "Bob Example" <q0tpaqt@fhbx9s5y67.com>
Received: To: "Alice Example" <z22na2@zhqrhc.net>
Received: Cc: fczb6h@4rrmo20lo.com
Received: Date: Tue, 15 Jan 2008 16:02:43 -0500
Received: Subject: Test message
Received: 
Received: Hello Alice.  This is a test message with 5 header fields and 4 lines in the message body.  Your friend, Bob
Received: 
Received: .
Message ring buffer updated.
Message ring buffer size: 5
Message ring buffer index: 3
Message #0
MAIL FROM:
<ux0erc9j55@c5m6n.gov>
RCPT TO:
<ylffd0uq1o@o4623bsv.org> <73kqi@k2en9rb.gov> 
DATA:
From: "Bob Example" <ux0erc9j55@c5m6n.gov>
To: "Alice Example" <73kqi@k2en9rb.gov>
Cc: ylffd0uq1o@o4623bsv.org
Date: Tue, 15 Jan 2008 16:02:43 -0500
Subject: Test message

Hello Alice.  This is a test message with 5 header fields and 4 lines in the message body.  Your friend, Bob


--
Message #1
MAIL FROM:
<88jal7rfk@lrafuf.gov>
RCPT TO:
<781c8ar@fe9844a.net> <givbt@g2skpnq867.gov> 
DATA:
From: "Bob Example" <88jal7rfk@lrafuf.gov>
To: "Alice Example" <givbt@g2skpnq867.gov>
Cc: 781c8ar@fe9844a.net
Date: Tue, 15 Jan 2008 16:02:43 -0500
Subject: Test message

Hello Alice.  This is a test message with 5 header fields and 4 lines in the message body.  Your friend, Bob


--
Message #2
MAIL FROM:
<q0tpaqt@fhbx9s5y67.com>
RCPT TO:
<fczb6h@4rrmo20lo.com> <z22na2@zhqrhc.net> 
DATA:
From: "Bob Example" <q0tpaqt@fhbx9s5y67.com>
To: "Alice Example" <z22na2@zhqrhc.net>
Cc: fczb6h@4rrmo20lo.com
Date: Tue, 15 Jan 2008 16:02:43 -0500
Subject: Test message

Hello Alice.  This is a test message with 5 header fields and 4 lines in the message body.  Your friend, Bob


--
Message #3
MAIL FROM:

RCPT TO:

DATA:

--
Message #4
MAIL FROM:

RCPT TO:

DATA:

--
Received: QUIT
Connection closed
Connection accepted from 127.0.0.1:34120
Received: HELO rly5y@sxtk3.org
Received: MAIL FROM:<rly5y@sxtk3.org>
Received: RCPT TO:<aeb5idwq@al6gp2ny3c.edu>
Received: RCPT TO:<fm3am9p@2jp3z.com>
Received: DATA
Received: From: "Bob Example" <rly5y@sxtk3.org>
Received: To: "Alice Example" <aeb5idwq@al6gp2ny3c.edu>
Received: Cc: fm3am9p@2jp3z.com
Received: Date: Tue, 15 Jan 2008 16:02:43 -0500
Received: Subject: Test message
Received: 
Received: Hello Alice.  This is a test message with 5 header fields and 4 lines in the message body.  Your friend, Bob
Received: 
Received: .
Message ring buffer updated.
Message ring buffer size: 5
Message ring buffer index: 4
Message #0
MAIL FROM:
<ux0erc9j55@c5m6n.gov>
RCPT TO:
<ylffd0uq1o@o4623bsv.org> <73kqi@k2en9rb.gov> 
DATA:
From: "Bob Example" <ux0erc9j55@c5m6n.gov>
To: "Alice Example" <73kqi@k2en9rb.gov>
Cc: ylffd0uq1o@o4623bsv.org
Date: Tue, 15 Jan 2008 16:02:43 -0500
Subject: Test message

Hello Alice.  This is a test message with 5 header fields and 4 lines in the message body.  Your friend, Bob


--
Message #1
MAIL FROM:
<88jal7rfk@lrafuf.gov>
RCPT TO:
<781c8ar@fe9844a.net> <givbt@g2skpnq867.gov> 
DATA:
From: "Bob Example" <88jal7rfk@lrafuf.gov>
To: "Alice Example" <givbt@g2skpnq867.gov>
Cc: 781c8ar@fe9844a.net
Date: Tue, 15 Jan 2008 16:02:43 -0500
Subject: Test message

Hello Alice.  This is a test message with 5 header fields and 4 lines in the message body.  Your friend, Bob


--
Message #2
MAIL FROM:
<q0tpaqt@fhbx9s5y67.com>
RCPT TO:
<fczb6h@4rrmo20lo.com> <z22na2@zhqrhc.net> 
DATA:
From: "Bob Example" <q0tpaqt@fhbx9s5y67.com>
To: "Alice Example" <z22na2@zhqrhc.net>
Cc: fczb6h@4rrmo20lo.com
Date: Tue, 15 Jan 2008 16:02:43 -0500
Subject: Test message

Hello Alice.  This is a test message with 5 header fields and 4 lines in the message body.  Your friend, Bob


--
Message #3
MAIL FROM:
<rly5y@sxtk3.org>
RCPT TO:
<fm3am9p@2jp3z.com> <aeb5idwq@al6gp2ny3c.edu> 
DATA:
From: "Bob Example" <rly5y@sxtk3.org>
To: "Alice Example" <aeb5idwq@al6gp2ny3c.edu>
Cc: fm3am9p@2jp3z.com
Date: Tue, 15 Jan 2008 16:02:43 -0500
Subject: Test message

Hello Alice.  This is a test message with 5 header fields and 4 lines in the message body.  Your friend, Bob


--
Message #4
MAIL FROM:

RCPT TO:

DATA:

--
Received: QUIT
Connection closed
Connection accepted from 127.0.0.1:34128
Received: HELO 1nx9nx3@z44qxwqgm9.net
Received: MAIL FROM:<1nx9nx3@z44qxwqgm9.net>
Received: RCPT TO:<zuhpwowt53@vs30aa.com>
Received: RCPT TO:<2myrs@vzgj4vqt.gov>
Received: DATA
Received: From: "Bob Example" <1nx9nx3@z44qxwqgm9.net>
Received: To: "Alice Example" <zuhpwowt53@vs30aa.com>
Received: Cc: 2myrs@vzgj4vqt.gov
Received: Date: Tue, 15 Jan 2008 16:02:43 -0500
Received: Subject: Test message
Received: 
Received: Hello Alice.  This is a test message with 5 header fields and 4 lines in the message body.  Your friend, Bob
Received: 
Received: .
Message ring buffer updated.
Message ring buffer size: 5
Message ring buffer index: 0
Message #0
MAIL FROM:
<ux0erc9j55@c5m6n.gov>
RCPT TO:
<ylffd0uq1o@o4623bsv.org> <73kqi@k2en9rb.gov> 
DATA:
From: "Bob Example" <ux0erc9j55@c5m6n.gov>
To: "Alice Example" <73kqi@k2en9rb.gov>
Cc: ylffd0uq1o@o4623bsv.org
Date: Tue, 15 Jan 2008 16:02:43 -0500
Subject: Test message

Hello Alice.  This is a test message with 5 header fields and 4 lines in the message body.  Your friend, Bob


--
Message #1
MAIL FROM:
<88jal7rfk@lrafuf.gov>
RCPT TO:
<781c8ar@fe9844a.net> <givbt@g2skpnq867.gov> 
DATA:
From: "Bob Example" <88jal7rfk@lrafuf.gov>
To: "Alice Example" <givbt@g2skpnq867.gov>
Cc: 781c8ar@fe9844a.net
Date: Tue, 15 Jan 2008 16:02:43 -0500
Subject: Test message

Hello Alice.  This is a test message with 5 header fields and 4 lines in the message body.  Your friend, Bob


--
Message #2
MAIL FROM:
<q0tpaqt@fhbx9s5y67.com>
RCPT TO:
<fczb6h@4rrmo20lo.com> <z22na2@zhqrhc.net> 
DATA:
From: "Bob Example" <q0tpaqt@fhbx9s5y67.com>
To: "Alice Example" <z22na2@zhqrhc.net>
Cc: fczb6h@4rrmo20lo.com
Date: Tue, 15 Jan 2008 16:02:43 -0500
Subject: Test message

Hello Alice.  This is a test message with 5 header fields and 4 lines in the message body.  Your friend, Bob


--
Message #3
MAIL FROM:
<rly5y@sxtk3.org>
RCPT TO:
<fm3am9p@2jp3z.com> <aeb5idwq@al6gp2ny3c.edu> 
DATA:
From: "Bob Example" <rly5y@sxtk3.org>
To: "Alice Example" <aeb5idwq@al6gp2ny3c.edu>
Cc: fm3am9p@2jp3z.com
Date: Tue, 15 Jan 2008 16:02:43 -0500
Subject: Test message

Hello Alice.  This is a test message with 5 header fields and 4 lines in the message body.  Your friend, Bob


--
Message #4
MAIL FROM:
<1nx9nx3@z44qxwqgm9.net>
RCPT TO:
<2myrs@vzgj4vqt.gov> <zuhpwowt53@vs30aa.com> 
DATA:
From: "Bob Example" <1nx9nx3@z44qxwqgm9.net>
To: "Alice Example" <zuhpwowt53@vs30aa.com>
Cc: 2myrs@vzgj4vqt.gov
Date: Tue, 15 Jan 2008 16:02:43 -0500
Subject: Test message

Hello Alice.  This is a test message with 5 header fields and 4 lines in the message body.  Your friend, Bob


--
Received: QUIT
Connection closed
Connection accepted from 127.0.0.1:34142
Received: HELO vp2h88k3@ehv7455scq.net
Received: MAIL FROM:<vp2h88k3@ehv7455scq.net>
Received: RCPT TO:<vflfow4h@rvo1s.edu>
Received: RCPT TO:<84njf@mhme7.gov>
Received: DATA
Received: From: "Bob Example" <vp2h88k3@ehv7455scq.net>
Received: To: "Alice Example" <vflfow4h@rvo1s.edu>
Received: Cc: 84njf@mhme7.gov
Received: Date: Tue, 15 Jan 2008 16:02:43 -0500
Received: Subject: Test message
Received: 
Received: Hello Alice.  This is a test message with 5 header fields and 4 lines in the message body.  Your friend, Bob
Received: 
Received: .
Message ring buffer updated.
Message ring buffer size: 5
Message ring buffer index: 1
Message #0
MAIL FROM:
<vp2h88k3@ehv7455scq.net>
RCPT TO:
<84njf@mhme7.gov> <vflfow4h@rvo1s.edu> <ylffd0uq1o@o4623bsv.org> <73kqi@k2en9rb.gov> 
DATA:
From: "Bob Example" <vp2h88k3@ehv7455scq.net>
To: "Alice Example" <vflfow4h@rvo1s.edu>
Cc: 84njf@mhme7.gov
Date: Tue, 15 Jan 2008 16:02:43 -0500
Subject: Test message

Hello Alice.  This is a test message with 5 header fields and 4 lines in the message body.  Your friend, Bob


--
Message #1
MAIL FROM:
<88jal7rfk@lrafuf.gov>
RCPT TO:
<781c8ar@fe9844a.net> <givbt@g2skpnq867.gov> 
DATA:
From: "Bob Example" <88jal7rfk@lrafuf.gov>
To: "Alice Example" <givbt@g2skpnq867.gov>
Cc: 781c8ar@fe9844a.net
Date: Tue, 15 Jan 2008 16:02:43 -0500
Subject: Test message

Hello Alice.  This is a test message with 5 header fields and 4 lines in the message body.  Your friend, Bob


--
Message #2
MAIL FROM:
<q0tpaqt@fhbx9s5y67.com>
RCPT TO:
<fczb6h@4rrmo20lo.com> <z22na2@zhqrhc.net> 
DATA:
From: "Bob Example" <q0tpaqt@fhbx9s5y67.com>
To: "Alice Example" <z22na2@zhqrhc.net>
Cc: fczb6h@4rrmo20lo.com
Date: Tue, 15 Jan 2008 16:02:43 -0500
Subject: Test message

Hello Alice.  This is a test message with 5 header fields and 4 lines in the message body.  Your friend, Bob


--
Message #3
MAIL FROM:
<rly5y@sxtk3.org>
RCPT TO:
<fm3am9p@2jp3z.com> <aeb5idwq@al6gp2ny3c.edu> 
DATA:
From: "Bob Example" <rly5y@sxtk3.org>
To: "Alice Example" <aeb5idwq@al6gp2ny3c.edu>
Cc: fm3am9p@2jp3z.com
Date: Tue, 15 Jan 2008 16:02:43 -0500
Subject: Test message

Hello Alice.  This is a test message with 5 header fields and 4 lines in the message body.  Your friend, Bob


--
Message #4
MAIL FROM:
<1nx9nx3@z44qxwqgm9.net>
RCPT TO:
<2myrs@vzgj4vqt.gov> <zuhpwowt53@vs30aa.com> 
DATA:
From: "Bob Example" <1nx9nx3@z44qxwqgm9.net>
To: "Alice Example" <zuhpwowt53@vs30aa.com>
Cc: 2myrs@vzgj4vqt.gov
Date: Tue, 15 Jan 2008 16:02:43 -0500
Subject: Test message

Hello Alice.  This is a test message with 5 header fields and 4 lines in the message body.  Your friend, Bob


--
Received: QUIT
Connection closed
Connection accepted from 127.0.0.1:34156
Received: HELO z14uz@vb99jdrf.edu
Received: MAIL FROM:<z14uz@vb99jdrf.edu>
Received: RCPT TO:<enhxoxrmp@epl9a8.net>
Received: RCPT TO:<ztmp83@qb5ix.gov>
Received: DATA
Received: From: "Bob Example" <z14uz@vb99jdrf.edu>
Received: To: "Alice Example" <enhxoxrmp@epl9a8.net>
Received: Cc: ztmp83@qb5ix.gov
Received: Date: Tue, 15 Jan 2008 16:02:43 -0500
Received: Subject: Test message
Received: 
Received: Hello Alice.  This is a test message with 5 header fields and 4 lines in the message body.  Your friend, Bob
Received: 
Received: .
Message ring buffer updated.
Message ring buffer size: 5
Message ring buffer index: 2
Message #0
MAIL FROM:
<vp2h88k3@ehv7455scq.net>
RCPT TO:
<84njf@mhme7.gov> <vflfow4h@rvo1s.edu> <ylffd0uq1o@o4623bsv.org> <73kqi@k2en9rb.gov> 
DATA:
From: "Bob Example" <vp2h88k3@ehv7455scq.net>
To: "Alice Example" <vflfow4h@rvo1s.edu>
Cc: 84njf@mhme7.gov
Date: Tue, 15 Jan 2008 16:02:43 -0500
Subject: Test message

Hello Alice.  This is a test message with 5 header fields and 4 lines in the message body.  Your friend, Bob


--
Message #1
MAIL FROM:
<z14uz@vb99jdrf.edu>
RCPT TO:
<ztmp83@qb5ix.gov> <enhxoxrmp@epl9a8.net> <781c8ar@fe9844a.net> <givbt@g2skpnq867.gov> 
DATA:
From: "Bob Example" <z14uz@vb99jdrf.edu>
To: "Alice Example" <enhxoxrmp@epl9a8.net>
Cc: ztmp83@qb5ix.gov
Date: Tue, 15 Jan 2008 16:02:43 -0500
Subject: Test message

Hello Alice.  This is a test message with 5 header fields and 4 lines in the message body.  Your friend, Bob


--
Message #2
MAIL FROM:
<q0tpaqt@fhbx9s5y67.com>
RCPT TO:
<fczb6h@4rrmo20lo.com> <z22na2@zhqrhc.net> 
DATA:
From: "Bob Example" <q0tpaqt@fhbx9s5y67.com>
To: "Alice Example" <z22na2@zhqrhc.net>
Cc: fczb6h@4rrmo20lo.com
Date: Tue, 15 Jan 2008 16:02:43 -0500
Subject: Test message

Hello Alice.  This is a test message with 5 header fields and 4 lines in the message body.  Your friend, Bob


--
Message #3
MAIL FROM:
<rly5y@sxtk3.org>
RCPT TO:
<fm3am9p@2jp3z.com> <aeb5idwq@al6gp2ny3c.edu> 
DATA:
From: "Bob Example" <rly5y@sxtk3.org>
To: "Alice Example" <aeb5idwq@al6gp2ny3c.edu>
Cc: fm3am9p@2jp3z.com
Date: Tue, 15 Jan 2008 16:02:43 -0500
Subject: Test message

Hello Alice.  This is a test message with 5 header fields and 4 lines in the message body.  Your friend, Bob


--
Message #4
MAIL FROM:
<1nx9nx3@z44qxwqgm9.net>
RCPT TO:
<2myrs@vzgj4vqt.gov> <zuhpwowt53@vs30aa.com> 
DATA:
From: "Bob Example" <1nx9nx3@z44qxwqgm9.net>
To: "Alice Example" <zuhpwowt53@vs30aa.com>
Cc: 2myrs@vzgj4vqt.gov
Date: Tue, 15 Jan 2008 16:02:43 -0500
Subject: Test message

Hello Alice.  This is a test message with 5 header fields and 4 lines in the message body.  Your friend, Bob


--
Received: QUIT
Connection closed
Connection accepted from 127.0.0.1:53188
Received: HELO l3eudx@dqg772.gov
Received: MAIL FROM:<l3eudx@dqg772.gov>
Received: RCPT TO:<aqs66rfg@ux8wqt.edu>
Received: RCPT TO:<9chcew@gagbg65.edu>
Received: DATA
Received: From: "Bob Example" <l3eudx@dqg772.gov>
Received: To: "Alice Example" <aqs66rfg@ux8wqt.edu>
Received: Cc: 9chcew@gagbg65.edu
Received: Date: Tue, 15 Jan 2008 16:02:43 -0500
Received: Subject: Test message
Received: 
Received: Hello Alice.  This is a test message with 5 header fields and 4 lines in the message body.  Your friend, Bob
Received: 
Received: .
Message ring buffer updated.
Message ring buffer size: 5
Message ring buffer index: 3
Message #0
MAIL FROM:
<vp2h88k3@ehv7455scq.net>
RCPT TO:
<84njf@mhme7.gov> <vflfow4h@rvo1s.edu> <ylffd0uq1o@o4623bsv.org> <73kqi@k2en9rb.gov> 
DATA:
From: "Bob Example" <vp2h88k3@ehv7455scq.net>
To: "Alice Example" <vflfow4h@rvo1s.edu>
Cc: 84njf@mhme7.gov
Date: Tue, 15 Jan 2008 16:02:43 -0500
Subject: Test message

Hello Alice.  This is a test message with 5 header fields and 4 lines in the message body.  Your friend, Bob


--
Message #1
MAIL FROM:
<z14uz@vb99jdrf.edu>
RCPT TO:
<ztmp83@qb5ix.gov> <enhxoxrmp@epl9a8.net> <781c8ar@fe9844a.net> <givbt@g2skpnq867.gov> 
DATA:
From: "Bob Example" <z14uz@vb99jdrf.edu>
To: "Alice Example" <enhxoxrmp@epl9a8.net>
Cc: ztmp83@qb5ix.gov
Date: Tue, 15 Jan 2008 16:02:43 -0500
Subject: Test message

Hello Alice.  This is a test message with 5 header fields and 4 lines in the message body.  Your friend, Bob


--
Message #2
MAIL FROM:
<l3eudx@dqg772.gov>
RCPT TO:
<9chcew@gagbg65.edu> <aqs66rfg@ux8wqt.edu> <fczb6h@4rrmo20lo.com> <z22na2@zhqrhc.net> 
DATA:
From: "Bob Example" <l3eudx@dqg772.gov>
To: "Alice Example" <aqs66rfg@ux8wqt.edu>
Cc: 9chcew@gagbg65.edu
Date: Tue, 15 Jan 2008 16:02:43 -0500
Subject: Test message

Hello Alice.  This is a test message with 5 header fields and 4 lines in the message body.  Your friend, Bob


--
Message #3
MAIL FROM:
<rly5y@sxtk3.org>
RCPT TO:
<fm3am9p@2jp3z.com> <aeb5idwq@al6gp2ny3c.edu> 
DATA:
From: "Bob Example" <rly5y@sxtk3.org>
To: "Alice Example" <aeb5idwq@al6gp2ny3c.edu>
Cc: fm3am9p@2jp3z.com
Date: Tue, 15 Jan 2008 16:02:43 -0500
Subject: Test message

Hello Alice.  This is a test message with 5 header fields and 4 lines in the message body.  Your friend, Bob


--
Message #4
MAIL FROM:
<1nx9nx3@z44qxwqgm9.net>
RCPT TO:
<2myrs@vzgj4vqt.gov> <zuhpwowt53@vs30aa.com> 
DATA:
From: "Bob Example" <1nx9nx3@z44qxwqgm9.net>
To: "Alice Example" <zuhpwowt53@vs30aa.com>
Cc: 2myrs@vzgj4vqt.gov
Date: Tue, 15 Jan 2008 16:02:43 -0500
Subject: Test message

Hello Alice.  This is a test message with 5 header fields and 4 lines in the message body.  Your friend, Bob


--
Received: QUIT
Connection closed
Connection accepted from 127.0.0.1:53194
Received: HELO 5jliirfyc@0rbxn0pg.com
Received: MAIL FROM:<5jliirfyc@0rbxn0pg.com>
Received: RCPT TO:<5flwoxr@bnzeoa.edu>
Received: RCPT TO:<h6doi3a8b4@09lc8.net>
Received: DATA
Received: From: "Bob Example" <5jliirfyc@0rbxn0pg.com>
Received: To: "Alice Example" <5flwoxr@bnzeoa.edu>
Received: Cc: h6doi3a8b4@09lc8.net
Received: Date: Tue, 15 Jan 2008 16:02:43 -0500
Received: Subject: Test message
Received: 
Received: Hello Alice.  This is a test message with 5 header fields and 4 lines in the message body.  Your friend, Bob
Received: 
Received: .
Message ring buffer updated.
Message ring buffer size: 5
Message ring buffer index: 4
Message #0
MAIL FROM:
<vp2h88k3@ehv7455scq.net>
RCPT TO:
<84njf@mhme7.gov> <vflfow4h@rvo1s.edu> <ylffd0uq1o@o4623bsv.org> <73kqi@k2en9rb.gov> 
DATA:
From: "Bob Example" <vp2h88k3@ehv7455scq.net>
To: "Alice Example" <vflfow4h@rvo1s.edu>
Cc: 84njf@mhme7.gov
Date: Tue, 15 Jan 2008 16:02:43 -0500
Subject: Test message

Hello Alice.  This is a test message with 5 header fields and 4 lines in the message body.  Your friend, Bob


--
Message #1
MAIL FROM:
<z14uz@vb99jdrf.edu>
RCPT TO:
<ztmp83@qb5ix.gov> <enhxoxrmp@epl9a8.net> <781c8ar@fe9844a.net> <givbt@g2skpnq867.gov> 
DATA:
From: "Bob Example" <z14uz@vb99jdrf.edu>
To: "Alice Example" <enhxoxrmp@epl9a8.net>
Cc: ztmp83@qb5ix.gov
Date: Tue, 15 Jan 2008 16:02:43 -0500
Subject: Test message

Hello Alice.  This is a test message with 5 header fields and 4 lines in the message body.  Your friend, Bob


--
Message #2
MAIL FROM:
<l3eudx@dqg772.gov>
RCPT TO:
<9chcew@gagbg65.edu> <aqs66rfg@ux8wqt.edu> <fczb6h@4rrmo20lo.com> <z22na2@zhqrhc.net> 
DATA:
From: "Bob Example" <l3eudx@dqg772.gov>
To: "Alice Example" <aqs66rfg@ux8wqt.edu>
Cc: 9chcew@gagbg65.edu
Date: Tue, 15 Jan 2008 16:02:43 -0500
Subject: Test message

Hello Alice.  This is a test message with 5 header fields and 4 lines in the message body.  Your friend, Bob


--
Message #3
MAIL FROM:
<5jliirfyc@0rbxn0pg.com>
RCPT TO:
<h6doi3a8b4@09lc8.net> <5flwoxr@bnzeoa.edu> <fm3am9p@2jp3z.com> <aeb5idwq@al6gp2ny3c.edu> 
DATA:
From: "Bob Example" <5jliirfyc@0rbxn0pg.com>
To: "Alice Example" <5flwoxr@bnzeoa.edu>
Cc: h6doi3a8b4@09lc8.net
Date: Tue, 15 Jan 2008 16:02:43 -0500
Subject: Test message

Hello Alice.  This is a test message with 5 header fields and 4 lines in the message body.  Your friend, Bob


--
Message #4
MAIL FROM:
<1nx9nx3@z44qxwqgm9.net>
RCPT TO:
<2myrs@vzgj4vqt.gov> <zuhpwowt53@vs30aa.com> 
DATA:
From: "Bob Example" <1nx9nx3@z44qxwqgm9.net>
To: "Alice Example" <zuhpwowt53@vs30aa.com>
Cc: 2myrs@vzgj4vqt.gov
Date: Tue, 15 Jan 2008 16:02:43 -0500
Subject: Test message

Hello Alice.  This is a test message with 5 header fields and 4 lines in the message body.  Your friend, Bob


--
Received: QUIT
Connection closed
Connection accepted from 127.0.0.1:53196
Received: HELO m7sv2vssl@k0lt48s4w.net
Received: MAIL FROM:<m7sv2vssl@k0lt48s4w.net>
Received: RCPT TO:<ldh2utm@0z0erw.org>
Received: RCPT TO:<8afjwsk@1p2asc.edu>
Received: DATA
Received: From: "Bob Example" <m7sv2vssl@k0lt48s4w.net>
Received: To: "Alice Example" <ldh2utm@0z0erw.org>
Received: Cc: 8afjwsk@1p2asc.edu
Received: Date: Tue, 15 Jan 2008 16:02:43 -0500
Received: Subject: Test message
Received: 
Received: Hello Alice.  This is a test message with 5 header fields and 4 lines in the message body.  Your friend, Bob
Received: 
Received: .
Message ring buffer updated.
Message ring buffer size: 5
Message ring buffer index: 0
Message #0
MAIL FROM:
<vp2h88k3@ehv7455scq.net>
RCPT TO:
<84njf@mhme7.gov> <vflfow4h@rvo1s.edu> <ylffd0uq1o@o4623bsv.org> <73kqi@k2en9rb.gov> 
DATA:
From: "Bob Example" <vp2h88k3@ehv7455scq.net>
To: "Alice Example" <vflfow4h@rvo1s.edu>
Cc: 84njf@mhme7.gov
Date: Tue, 15 Jan 2008 16:02:43 -0500
Subject: Test message

Hello Alice.  This is a test message with 5 header fields and 4 lines in the message body.  Your friend, Bob


--
Message #1
MAIL FROM:
<z14uz@vb99jdrf.edu>
RCPT TO:
<ztmp83@qb5ix.gov> <enhxoxrmp@epl9a8.net> <781c8ar@fe9844a.net> <givbt@g2skpnq867.gov> 
DATA:
From: "Bob Example" <z14uz@vb99jdrf.edu>
To: "Alice Example" <enhxoxrmp@epl9a8.net>
Cc: ztmp83@qb5ix.gov
Date: Tue, 15 Jan 2008 16:02:43 -0500
Subject: Test message

Hello Alice.  This is a test message with 5 header fields and 4 lines in the message body.  Your friend, Bob


--
Message #2
MAIL FROM:
<l3eudx@dqg772.gov>
RCPT TO:
<9chcew@gagbg65.edu> <aqs66rfg@ux8wqt.edu> <fczb6h@4rrmo20lo.com> <z22na2@zhqrhc.net> 
DATA:
From: "Bob Example" <l3eudx@dqg772.gov>
To: "Alice Example" <aqs66rfg@ux8wqt.edu>
Cc: 9chcew@gagbg65.edu
Date: Tue, 15 Jan 2008 16:02:43 -0500
Subject: Test message

Hello Alice.  This is a test message with 5 header fields and 4 lines in the message body.  Your friend, Bob


--
Message #3
MAIL FROM:
<5jliirfyc@0rbxn0pg.com>
RCPT TO:
<h6doi3a8b4@09lc8.net> <5flwoxr@bnzeoa.edu> <fm3am9p@2jp3z.com> <aeb5idwq@al6gp2ny3c.edu> 
DATA:
From: "Bob Example" <5jliirfyc@0rbxn0pg.com>
To: "Alice Example" <5flwoxr@bnzeoa.edu>
Cc: h6doi3a8b4@09lc8.net
Date: Tue, 15 Jan 2008 16:02:43 -0500
Subject: Test message

Hello Alice.  This is a test message with 5 header fields and 4 lines in the message body.  Your friend, Bob


--
Message #4
MAIL FROM:
<m7sv2vssl@k0lt48s4w.net>
RCPT TO:
<8afjwsk@1p2asc.edu> <ldh2utm@0z0erw.org> <2myrs@vzgj4vqt.gov> <zuhpwowt53@vs30aa.com> 
DATA:
From: "Bob Example" <m7sv2vssl@k0lt48s4w.net>
To: "Alice Example" <ldh2utm@0z0erw.org>
Cc: 8afjwsk@1p2asc.edu
Date: Tue, 15 Jan 2008 16:02:43 -0500
Subject: Test message

Hello Alice.  This is a test message with 5 header fields and 4 lines in the message body.  Your friend, Bob


--
Received: QUIT
Connection closed
Connection accepted from 127.0.0.1:53210
Received: HELO sqk7yzof54@rtdxcbk.org
Received: MAIL FROM:<sqk7yzof54@rtdxcbk.org>
Received: RCPT TO:<277ra@se6gqgw.net>
Received: RCPT TO:<zyvfq0d4@ehl5rfv.gov>
Received: DATA
Received: From: "Bob Example" <sqk7yzof54@rtdxcbk.org>
Received: To: "Alice Example" <277ra@se6gqgw.net>
Received: Cc: zyvfq0d4@ehl5rfv.gov
Received: Date: Tue, 15 Jan 2008 16:02:43 -0500
Received: Subject: Test message
Received: 
Received: Hello Alice.  This is a test message with 5 header fields and 4 lines in the message body.  Your friend, Bob
Received: 
Received: .
Message ring buffer updated.
Message ring buffer size: 5
Message ring buffer index: 1
Message #0
MAIL FROM:
<sqk7yzof54@rtdxcbk.org>
RCPT TO:
<zyvfq0d4@ehl5rfv.gov> <277ra@se6gqgw.net> <84njf@mhme7.gov> <vflfow4h@rvo1s.edu> <ylffd0uq1o@o4623bsv.org> <73kqi@k2en9rb.gov> 
DATA:
From: "Bob Example" <sqk7yzof54@rtdxcbk.org>
To: "Alice Example" <277ra@se6gqgw.net>
Cc: zyvfq0d4@ehl5rfv.gov
Date: Tue, 15 Jan 2008 16:02:43 -0500
Subject: Test message

Hello Alice.  This is a test message with 5 header fields and 4 lines in the message body.  Your friend, Bob


--
Message #1
MAIL FROM:
<z14uz@vb99jdrf.edu>
RCPT TO:
<ztmp83@qb5ix.gov> <enhxoxrmp@epl9a8.net> <781c8ar@fe9844a.net> <givbt@g2skpnq867.gov> 
DATA:
From: "Bob Example" <z14uz@vb99jdrf.edu>
To: "Alice Example" <enhxoxrmp@epl9a8.net>
Cc: ztmp83@qb5ix.gov
Date: Tue, 15 Jan 2008 16:02:43 -0500
Subject: Test message

Hello Alice.  This is a test message with 5 header fields and 4 lines in the message body.  Your friend, Bob


--
Message #2
MAIL FROM:
<l3eudx@dqg772.gov>
RCPT TO:
<9chcew@gagbg65.edu> <aqs66rfg@ux8wqt.edu> <fczb6h@4rrmo20lo.com> <z22na2@zhqrhc.net> 
DATA:
From: "Bob Example" <l3eudx@dqg772.gov>
To: "Alice Example" <aqs66rfg@ux8wqt.edu>
Cc: 9chcew@gagbg65.edu
Date: Tue, 15 Jan 2008 16:02:43 -0500
Subject: Test message

Hello Alice.  This is a test message with 5 header fields and 4 lines in the message body.  Your friend, Bob


--
Message #3
MAIL FROM:
<5jliirfyc@0rbxn0pg.com>
RCPT TO:
<h6doi3a8b4@09lc8.net> <5flwoxr@bnzeoa.edu> <fm3am9p@2jp3z.com> <aeb5idwq@al6gp2ny3c.edu> 
DATA:
From: "Bob Example" <5jliirfyc@0rbxn0pg.com>
To: "Alice Example" <5flwoxr@bnzeoa.edu>
Cc: h6doi3a8b4@09lc8.net
Date: Tue, 15 Jan 2008 16:02:43 -0500
Subject: Test message

Hello Alice.  This is a test message with 5 header fields and 4 lines in the message body.  Your friend, Bob


--
Message #4
MAIL FROM:
<m7sv2vssl@k0lt48s4w.net>
RCPT TO:
<8afjwsk@1p2asc.edu> <ldh2utm@0z0erw.org> <2myrs@vzgj4vqt.gov> <zuhpwowt53@vs30aa.com> 
DATA:
From: "Bob Example" <m7sv2vssl@k0lt48s4w.net>
To: "Alice Example" <ldh2utm@0z0erw.org>
Cc: 8afjwsk@1p2asc.edu
Date: Tue, 15 Jan 2008 16:02:43 -0500
Subject: Test message

Hello Alice.  This is a test message with 5 header fields and 4 lines in the message body.  Your friend, Bob


--
Received: QUIT
Connection closed
Connection accepted from 127.0.0.1:53182
Received: HELO udmvm63c5i@wk35m.edu
Received: MAIL FROM:<udmvm63c5i@wk35m.edu>
Received: RCPT TO:<h9gnwky06v@bjosb.gov>
Received: RCPT TO:<yc2xs@8t19a3dxr6.net>
Received: DATA
Received: From: "Bob Example" <udmvm63c5i@wk35m.edu>
Received: To: "Alice Example" <h9gnwky06v@bjosb.gov>
Received: Cc: yc2xs@8t19a3dxr6.net
Received: Date: Tue, 15 Jan 2008 16:02:43 -0500
Received: Subject: Test message
Received: 
Received: Hello Alice.  This is a test message with 5 header fields and 4 lines in the message body.  Your friend, Bob
Received: 
Received: .
Message ring buffer updated.
Message ring buffer size: 5
Message ring buffer index: 2
Message #0
MAIL FROM:
<sqk7yzof54@rtdxcbk.org>
RCPT TO:
<zyvfq0d4@ehl5rfv.gov> <277ra@se6gqgw.net> <84njf@mhme7.gov> <vflfow4h@rvo1s.edu> <ylffd0uq1o@o4623bsv.org> <73kqi@k2en9rb.gov> 
DATA:
From: "Bob Example" <sqk7yzof54@rtdxcbk.org>
To: "Alice Example" <277ra@se6gqgw.net>
Cc: zyvfq0d4@ehl5rfv.gov
Date: Tue, 15 Jan 2008 16:02:43 -0500
Subject: Test message

Hello Alice.  This is a test message with 5 header fields and 4 lines in the message body.  Your friend, Bob


--
Message #1
MAIL FROM:
<udmvm63c5i@wk35m.edu>
RCPT TO:
<yc2xs@8t19a3dxr6.net> <h9gnwky06v@bjosb.gov> <ztmp83@qb5ix.gov> <enhxoxrmp@epl9a8.net> <781c8ar@fe9844a.net> <givbt@g2skpnq867.gov> 
DATA:
From: "Bob Example" <udmvm63c5i@wk35m.edu>
To: "Alice Example" <h9gnwky06v@bjosb.gov>
Cc: yc2xs@8t19a3dxr6.net
Date: Tue, 15 Jan 2008 16:02:43 -0500
Subject: Test message

Hello Alice.  This is a test message with 5 header fields and 4 lines in the message body.  Your friend, Bob


--
Message #2
MAIL FROM:
<l3eudx@dqg772.gov>
RCPT TO:
<9chcew@gagbg65.edu> <aqs66rfg@ux8wqt.edu> <fczb6h@4rrmo20lo.com> <z22na2@zhqrhc.net> 
DATA:
From: "Bob Example" <l3eudx@dqg772.gov>
To: "Alice Example" <aqs66rfg@ux8wqt.edu>
Cc: 9chcew@gagbg65.edu
Date: Tue, 15 Jan 2008 16:02:43 -0500
Subject: Test message

Hello Alice.  This is a test message with 5 header fields and 4 lines in the message body.  Your friend, Bob


--
Message #3
MAIL FROM:
<5jliirfyc@0rbxn0pg.com>
RCPT TO:
<h6doi3a8b4@09lc8.net> <5flwoxr@bnzeoa.edu> <fm3am9p@2jp3z.com> <aeb5idwq@al6gp2ny3c.edu> 
DATA:
From: "Bob Example" <5jliirfyc@0rbxn0pg.com>
To: "Alice Example" <5flwoxr@bnzeoa.edu>
Cc: h6doi3a8b4@09lc8.net
Date: Tue, 15 Jan 2008 16:02:43 -0500
Subject: Test message

Hello Alice.  This is a test message with 5 header fields and 4 lines in the message body.  Your friend, Bob


--
Message #4
MAIL FROM:
<m7sv2vssl@k0lt48s4w.net>
RCPT TO:
<8afjwsk@1p2asc.edu> <ldh2utm@0z0erw.org> <2myrs@vzgj4vqt.gov> <zuhpwowt53@vs30aa.com> 
DATA:
From: "Bob Example" <m7sv2vssl@k0lt48s4w.net>
To: "Alice Example" <ldh2utm@0z0erw.org>
Cc: 8afjwsk@1p2asc.edu
Date: Tue, 15 Jan 2008 16:02:43 -0500
Subject: Test message

Hello Alice.  This is a test message with 5 header fields and 4 lines in the message body.  Your friend, Bob


--
Received: QUIT
Connection closed
Connection accepted from 127.0.0.1:53190
Received: HELO t2w5j6z@wq49ypyb3.gov
Received: MAIL FROM:<t2w5j6z@wq49ypyb3.gov>
Received: RCPT TO:<yxh7mkg7@bilth.com>
Received: RCPT TO:<55v8ap8b6@9uadjkw3md.edu>
Received: DATA
Received: From: "Bob Example" <t2w5j6z@wq49ypyb3.gov>
Received: To: "Alice Example" <yxh7mkg7@bilth.com>
Received: Cc: 55v8ap8b6@9uadjkw3md.edu
Received: Date: Tue, 15 Jan 2008 16:02:43 -0500
Received: Subject: Test message
Received: 
Received: Hello Alice.  This is a test message with 5 header fields and 4 lines in the message body.  Your friend, Bob
Received: 
Received: .
Message ring buffer updated.
Message ring buffer size: 5
Message ring buffer index: 3
Message #0
MAIL FROM:
<sqk7yzof54@rtdxcbk.org>
RCPT TO:
<zyvfq0d4@ehl5rfv.gov> <277ra@se6gqgw.net> <84njf@mhme7.gov> <vflfow4h@rvo1s.edu> <ylffd0uq1o@o4623bsv.org> <73kqi@k2en9rb.gov> 
DATA:
From: "Bob Example" <sqk7yzof54@rtdxcbk.org>
To: "Alice Example" <277ra@se6gqgw.net>
Cc: zyvfq0d4@ehl5rfv.gov
Date: Tue, 15 Jan 2008 16:02:43 -0500
Subject: Test message

Hello Alice.  This is a test message with 5 header fields and 4 lines in the message body.  Your friend, Bob


--
Message #1
MAIL FROM:
<udmvm63c5i@wk35m.edu>
RCPT TO:
<yc2xs@8t19a3dxr6.net> <h9gnwky06v@bjosb.gov> <ztmp83@qb5ix.gov> <enhxoxrmp@epl9a8.net> <781c8ar@fe9844a.net> <givbt@g2skpnq867.gov> 
DATA:
From: "Bob Example" <udmvm63c5i@wk35m.edu>
To: "Alice Example" <h9gnwky06v@bjosb.gov>
Cc: yc2xs@8t19a3dxr6.net
Date: Tue, 15 Jan 2008 16:02:43 -0500
Subject: Test message

Hello Alice.  This is a test message with 5 header fields and 4 lines in the message body.  Your friend, Bob


--
Message #2
MAIL FROM:
<t2w5j6z@wq49ypyb3.gov>
RCPT TO:
<55v8ap8b6@9uadjkw3md.edu> <yxh7mkg7@bilth.com> <9chcew@gagbg65.edu> <aqs66rfg@ux8wqt.edu> <fczb6h@4rrmo20lo.com> <z22na2@zhqrhc.net> 
DATA:
From: "Bob Example" <t2w5j6z@wq49ypyb3.gov>
To: "Alice Example" <yxh7mkg7@bilth.com>
Cc: 55v8ap8b6@9uadjkw3md.edu
Date: Tue, 15 Jan 2008 16:02:43 -0500
Subject: Test message

Hello Alice.  This is a test message with 5 header fields and 4 lines in the message body.  Your friend, Bob


--
Message #3
MAIL FROM:
<5jliirfyc@0rbxn0pg.com>
RCPT TO:
<h6doi3a8b4@09lc8.net> <5flwoxr@bnzeoa.edu> <fm3am9p@2jp3z.com> <aeb5idwq@al6gp2ny3c.edu> 
DATA:
From: "Bob Example" <5jliirfyc@0rbxn0pg.com>
To: "Alice Example" <5flwoxr@bnzeoa.edu>
Cc: h6doi3a8b4@09lc8.net
Date: Tue, 15 Jan 2008 16:02:43 -0500
Subject: Test message

Hello Alice.  This is a test message with 5 header fields and 4 lines in the message body.  Your friend, Bob


--
Message #4
MAIL FROM:
<m7sv2vssl@k0lt48s4w.net>
RCPT TO:
<8afjwsk@1p2asc.edu> <ldh2utm@0z0erw.org> <2myrs@vzgj4vqt.gov> <zuhpwowt53@vs30aa.com> 
DATA:
From: "Bob Example" <m7sv2vssl@k0lt48s4w.net>
To: "Alice Example" <ldh2utm@0z0erw.org>
Cc: 8afjwsk@1p2asc.edu
Date: Tue, 15 Jan 2008 16:02:43 -0500
Subject: Test message

Hello Alice.  This is a test message with 5 header fields and 4 lines in the message body.  Your friend, Bob


--
Received: QUIT
Connection closed
Connection accepted from 127.0.0.1:53206
Received: HELO t6ixt46@bup5yvr6.org
Received: MAIL FROM:<t6ixt46@bup5yvr6.org>
Received: RCPT TO:<39dmk@vdl91.net>
Received: RCPT TO:<ps56zn@h4maetpb0.edu>
Received: DATA
Received: From: "Bob Example" <t6ixt46@bup5yvr6.org>
Received: To: "Alice Example" <39dmk@vdl91.net>
Received: Cc: ps56zn@h4maetpb0.edu
Received: Date: Tue, 15 Jan 2008 16:02:43 -0500
Received: Subject: Test message
Received: 
Received: Hello Alice.  This is a test message with 5 header fields and 4 lines in the message body.  Your friend, Bob
Received: 
Received: .
Message ring buffer updated.
Message ring buffer size: 5
Message ring buffer index: 4
Message #0
MAIL FROM:
<sqk7yzof54@rtdxcbk.org>
RCPT TO:
<zyvfq0d4@ehl5rfv.gov> <277ra@se6gqgw.net> <84njf@mhme7.gov> <vflfow4h@rvo1s.edu> <ylffd0uq1o@o4623bsv.org> <73kqi@k2en9rb.gov> 
DATA:
From: "Bob Example" <sqk7yzof54@rtdxcbk.org>
To: "Alice Example" <277ra@se6gqgw.net>
Cc: zyvfq0d4@ehl5rfv.gov
Date: Tue, 15 Jan 2008 16:02:43 -0500
Subject: Test message

Hello Alice.  This is a test message with 5 header fields and 4 lines in the message body.  Your friend, Bob


--
Message #1
MAIL FROM:
<udmvm63c5i@wk35m.edu>
RCPT TO:
<yc2xs@8t19a3dxr6.net> <h9gnwky06v@bjosb.gov> <ztmp83@qb5ix.gov> <enhxoxrmp@epl9a8.net> <781c8ar@fe9844a.net> <givbt@g2skpnq867.gov> 
DATA:
From: "Bob Example" <udmvm63c5i@wk35m.edu>
To: "Alice Example" <h9gnwky06v@bjosb.gov>
Cc: yc2xs@8t19a3dxr6.net
Date: Tue, 15 Jan 2008 16:02:43 -0500
Subject: Test message

Hello Alice.  This is a test message with 5 header fields and 4 lines in the message body.  Your friend, Bob


--
Message #2
MAIL FROM:
<t2w5j6z@wq49ypyb3.gov>
RCPT TO:
<55v8ap8b6@9uadjkw3md.edu> <yxh7mkg7@bilth.com> <9chcew@gagbg65.edu> <aqs66rfg@ux8wqt.edu> <fczb6h@4rrmo20lo.com> <z22na2@zhqrhc.net> 
DATA:
From: "Bob Example" <t2w5j6z@wq49ypyb3.gov>
To: "Alice Example" <yxh7mkg7@bilth.com>
Cc: 55v8ap8b6@9uadjkw3md.edu
Date: Tue, 15 Jan 2008 16:02:43 -0500
Subject: Test message

Hello Alice.  This is a test message with 5 header fields and 4 lines in the message body.  Your friend, Bob


--
Message #3
MAIL FROM:
<t6ixt46@bup5yvr6.org>
RCPT TO:
<ps56zn@h4maetpb0.edu> <39dmk@vdl91.net> <h6doi3a8b4@09lc8.net> <5flwoxr@bnzeoa.edu> <fm3am9p@2jp3z.com> <aeb5idwq@al6gp2ny3c.edu> 
DATA:
From: "Bob Example" <t6ixt46@bup5yvr6.org>
To: "Alice Example" <39dmk@vdl91.net>
Cc: ps56zn@h4maetpb0.edu
Date: Tue, 15 Jan 2008 16:02:43 -0500
Subject: Test message

Hello Alice.  This is a test message with 5 header fields and 4 lines in the message body.  Your friend, Bob


--
Message #4
MAIL FROM:
<m7sv2vssl@k0lt48s4w.net>
RCPT TO:
<8afjwsk@1p2asc.edu> <ldh2utm@0z0erw.org> <2myrs@vzgj4vqt.gov> <zuhpwowt53@vs30aa.com> 
DATA:
From: "Bob Example" <m7sv2vssl@k0lt48s4w.net>
To: "Alice Example" <ldh2utm@0z0erw.org>
Cc: 8afjwsk@1p2asc.edu
Date: Tue, 15 Jan 2008 16:02:43 -0500
Subject: Test message

Hello Alice.  This is a test message with 5 header fields and 4 lines in the message body.  Your friend, Bob


--
Received: QUIT
Connection closed
Connection accepted from 127.0.0.1:35852
Received: HELO evkj1@lscyz14fky.org
Received: MAIL FROM:<evkj1@lscyz14fky.org>
Received: RCPT TO:<1mf8rt@jy04l31a.gov>
Received: RCPT TO:<cfzc5ks@ci8g7yygzs.com>
Received: DATA
Received: From: "Bob Example" <evkj1@lscyz14fky.org>
Received: To: "Alice Example" <1mf8rt@jy04l31a.gov>
Received: Cc: cfzc5ks@ci8g7yygzs.com
Received: Date: Tue, 15 Jan 2008 16:02:43 -0500
Received: Subject: Test message
Received: 
Received: Hello Alice.  This is a test message with 5 header fields and 4 lines in the message body.  Your friend, Bob
Received: 
Received: .
Message ring buffer updated.
Message ring buffer size: 5
Message ring buffer index: 0
Message #0
MAIL FROM:
<sqk7yzof54@rtdxcbk.org>
RCPT TO:
<zyvfq0d4@ehl5rfv.gov> <277ra@se6gqgw.net> <84njf@mhme7.gov> <vflfow4h@rvo1s.edu> <ylffd0uq1o@o4623bsv.org> <73kqi@k2en9rb.gov> 
DATA:
From: "Bob Example" <sqk7yzof54@rtdxcbk.org>
To: "Alice Example" <277ra@se6gqgw.net>
Cc: zyvfq0d4@ehl5rfv.gov
Date: Tue, 15 Jan 2008 16:02:43 -0500
Subject: Test message

Hello Alice.  This is a test message with 5 header fields and 4 lines in the message body.  Your friend, Bob


--
Message #1
MAIL FROM:
<udmvm63c5i@wk35m.edu>
RCPT TO:
<yc2xs@8t19a3dxr6.net> <h9gnwky06v@bjosb.gov> <ztmp83@qb5ix.gov> <enhxoxrmp@epl9a8.net> <781c8ar@fe9844a.net> <givbt@g2skpnq867.gov> 
DATA:
From: "Bob Example" <udmvm63c5i@wk35m.edu>
To: "Alice Example" <h9gnwky06v@bjosb.gov>
Cc: yc2xs@8t19a3dxr6.net
Date: Tue, 15 Jan 2008 16:02:43 -0500
Subject: Test message

Hello Alice.  This is a test message with 5 header fields and 4 lines in the message body.  Your friend, Bob


--
Message #2
MAIL FROM:
<t2w5j6z@wq49ypyb3.gov>
RCPT TO:
<55v8ap8b6@9uadjkw3md.edu> <yxh7mkg7@bilth.com> <9chcew@gagbg65.edu> <aqs66rfg@ux8wqt.edu> <fczb6h@4rrmo20lo.com> <z22na2@zhqrhc.net> 
DATA:
From: "Bob Example" <t2w5j6z@wq49ypyb3.gov>
To: "Alice Example" <yxh7mkg7@bilth.com>
Cc: 55v8ap8b6@9uadjkw3md.edu
Date: Tue, 15 Jan 2008 16:02:43 -0500
Subject: Test message

Hello Alice.  This is a test message with 5 header fields and 4 lines in the message body.  Your friend, Bob


--
Message #3
MAIL FROM:
<t6ixt46@bup5yvr6.org>
RCPT TO:
<ps56zn@h4maetpb0.edu> <39dmk@vdl91.net> <h6doi3a8b4@09lc8.net> <5flwoxr@bnzeoa.edu> <fm3am9p@2jp3z.com> <aeb5idwq@al6gp2ny3c.edu> 
DATA:
From: "Bob Example" <t6ixt46@bup5yvr6.org>
To: "Alice Example" <39dmk@vdl91.net>
Cc: ps56zn@h4maetpb0.edu
Date: Tue, 15 Jan 2008 16:02:43 -0500
Subject: Test message

Hello Alice.  This is a test message with 5 header fields and 4 lines in the message body.  Your friend, Bob


--
Message #4
MAIL FROM:
<evkj1@lscyz14fky.org>
RCPT TO:
<cfzc5ks@ci8g7yygzs.com> <1mf8rt@jy04l31a.gov> <8afjwsk@1p2asc.edu> <ldh2utm@0z0erw.org> <2myrs@vzgj4vqt.gov> <zuhpwowt53@vs30aa.com> 
DATA:
From: "Bob Example" <evkj1@lscyz14fky.org>
To: "Alice Example" <1mf8rt@jy04l31a.gov>
Cc: cfzc5ks@ci8g7yygzs.com
Date: Tue, 15 Jan 2008 16:02:43 -0500
Subject: Test message

Hello Alice.  This is a test message with 5 header fields and 4 lines in the message body.  Your friend, Bob


--
Received: QUIT
Connection closed
Connection accepted from 127.0.0.1:35864
Received: HELO legyjl@noj3r.edu
Received: MAIL FROM:<legyjl@noj3r.edu>
Received: RCPT TO:<er52r2858@2f1f6ohs.gov>
Received: RCPT TO:<ndi2lkfqn@0u8fy0.edu>
Received: DATA
Received: From: "Bob Example" <legyjl@noj3r.edu>
Received: To: "Alice Example" <er52r2858@2f1f6ohs.gov>
Received: Cc: ndi2lkfqn@0u8fy0.edu
Received: Date: Tue, 15 Jan 2008 16:02:43 -0500
Received: Subject: Test message
Received: 
Received: Hello Alice.  This is a test message with 5 header fields and 4 lines in the message body.  Your friend, Bob
Received: 
Received: .
Message ring buffer updated.
Message ring buffer size: 5
Message ring buffer index: 1
Message #0
MAIL FROM:
<legyjl@noj3r.edu>
RCPT TO:
<ndi2lkfqn@0u8fy0.edu> <er52r2858@2f1f6ohs.gov> <zyvfq0d4@ehl5rfv.gov> <277ra@se6gqgw.net> <84njf@mhme7.gov> <vflfow4h@rvo1s.edu> <ylffd0uq1o@o4623bsv.org> <73kqi@k2en9rb.gov> 
DATA:
From: "Bob Example" <legyjl@noj3r.edu>
To: "Alice Example" <er52r2858@2f1f6ohs.gov>
Cc: ndi2lkfqn@0u8fy0.edu
Date: Tue, 15 Jan 2008 16:02:43 -0500
Subject: Test message

Hello Alice.  This is a test message with 5 header fields and 4 lines in the message body.  Your friend, Bob


--
Message #1
MAIL FROM:
<udmvm63c5i@wk35m.edu>
RCPT TO:
<yc2xs@8t19a3dxr6.net> <h9gnwky06v@bjosb.gov> <ztmp83@qb5ix.gov> <enhxoxrmp@epl9a8.net> <781c8ar@fe9844a.net> <givbt@g2skpnq867.gov> 
DATA:
From: "Bob Example" <udmvm63c5i@wk35m.edu>
To: "Alice Example" <h9gnwky06v@bjosb.gov>
Cc: yc2xs@8t19a3dxr6.net
Date: Tue, 15 Jan 2008 16:02:43 -0500
Subject: Test message

Hello Alice.  This is a test message with 5 header fields and 4 lines in the message body.  Your friend, Bob


--
Message #2
MAIL FROM:
<t2w5j6z@wq49ypyb3.gov>
RCPT TO:
<55v8ap8b6@9uadjkw3md.edu> <yxh7mkg7@bilth.com> <9chcew@gagbg65.edu> <aqs66rfg@ux8wqt.edu> <fczb6h@4rrmo20lo.com> <z22na2@zhqrhc.net> 
DATA:
From: "Bob Example" <t2w5j6z@wq49ypyb3.gov>
To: "Alice Example" <yxh7mkg7@bilth.com>
Cc: 55v8ap8b6@9uadjkw3md.edu
Date: Tue, 15 Jan 2008 16:02:43 -0500
Subject: Test message

Hello Alice.  This is a test message with 5 header fields and 4 lines in the message body.  Your friend, Bob


--
Message #3
MAIL FROM:
<t6ixt46@bup5yvr6.org>
RCPT TO:
<ps56zn@h4maetpb0.edu> <39dmk@vdl91.net> <h6doi3a8b4@09lc8.net> <5flwoxr@bnzeoa.edu> <fm3am9p@2jp3z.com> <aeb5idwq@al6gp2ny3c.edu> 
DATA:
From: "Bob Example" <t6ixt46@bup5yvr6.org>
To: "Alice Example" <39dmk@vdl91.net>
Cc: ps56zn@h4maetpb0.edu
Date: Tue, 15 Jan 2008 16:02:43 -0500
Subject: Test message

Hello Alice.  This is a test message with 5 header fields and 4 lines in the message body.  Your friend, Bob


--
Message #4
MAIL FROM:
<evkj1@lscyz14fky.org>
RCPT TO:
<cfzc5ks@ci8g7yygzs.com> <1mf8rt@jy04l31a.gov> <8afjwsk@1p2asc.edu> <ldh2utm@0z0erw.org> <2myrs@vzgj4vqt.gov> <zuhpwowt53@vs30aa.com> 
DATA:
From: "Bob Example" <evkj1@lscyz14fky.org>
To: "Alice Example" <1mf8rt@jy04l31a.gov>
Cc: cfzc5ks@ci8g7yygzs.com
Date: Tue, 15 Jan 2008 16:02:43 -0500
Subject: Test message

Hello Alice.  This is a test message with 5 header fields and 4 lines in the message body.  Your friend, Bob


--
Received: QUIT
Connection closed
Connection accepted from 127.0.0.1:40892
Received: HELO th70n6lp6d@lupy5510.com
Received: MAIL FROM:<th70n6lp6d@lupy5510.com>
Received: RCPT TO:<znj02c0@9h0sb32.net>
Received: RCPT TO:<x8uvrjcdr@uoy3ggosw.org>
Received: DATA
Received: From: "Bob Example" <th70n6lp6d@lupy5510.com>
Received: To: "Alice Example" <znj02c0@9h0sb32.net>
Received: Cc: x8uvrjcdr@uoy3ggosw.org
Received: Date: Tue, 15 Jan 2008 16:02:43 -0500
Received: Subject: Test message
Received: 
Received: Hello Alice.  This is a test message with 5 header fields and 4 lines in the message body.  Your friend, Bob
Received: 
Received: .
Message ring buffer updated.
Message ring buffer size: 5
Message ring buffer index: 2
Message #0
MAIL FROM:
<legyjl@noj3r.edu>
RCPT TO:
<ndi2lkfqn@0u8fy0.edu> <er52r2858@2f1f6ohs.gov> <zyvfq0d4@ehl5rfv.gov> <277ra@se6gqgw.net> <84njf@mhme7.gov> <vflfow4h@rvo1s.edu> <ylffd0uq1o@o4623bsv.org> <73kqi@k2en9rb.gov> 
DATA:
From: "Bob Example" <legyjl@noj3r.edu>
To: "Alice Example" <er52r2858@2f1f6ohs.gov>
Cc: ndi2lkfqn@0u8fy0.edu
Date: Tue, 15 Jan 2008 16:02:43 -0500
Subject: Test message

Hello Alice.  This is a test message with 5 header fields and 4 lines in the message body.  Your friend, Bob


--
Message #1
MAIL FROM:
<th70n6lp6d@lupy5510.com>
RCPT TO:
<x8uvrjcdr@uoy3ggosw.org> <znj02c0@9h0sb32.net> <yc2xs@8t19a3dxr6.net> <h9gnwky06v@bjosb.gov> <ztmp83@qb5ix.gov> <enhxoxrmp@epl9a8.net> <781c8ar@fe9844a.net> <givbt@g2skpnq867.gov> 
DATA:
From: "Bob Example" <th70n6lp6d@lupy5510.com>
To: "Alice Example" <znj02c0@9h0sb32.net>
Cc: x8uvrjcdr@uoy3ggosw.org
Date: Tue, 15 Jan 2008 16:02:43 -0500
Subject: Test message

Hello Alice.  This is a test message with 5 header fields and 4 lines in the message body.  Your friend, Bob


--
Message #2
MAIL FROM:
<t2w5j6z@wq49ypyb3.gov>
RCPT TO:
<55v8ap8b6@9uadjkw3md.edu> <yxh7mkg7@bilth.com> <9chcew@gagbg65.edu> <aqs66rfg@ux8wqt.edu> <fczb6h@4rrmo20lo.com> <z22na2@zhqrhc.net> 
DATA:
From: "Bob Example" <t2w5j6z@wq49ypyb3.gov>
To: "Alice Example" <yxh7mkg7@bilth.com>
Cc: 55v8ap8b6@9uadjkw3md.edu
Date: Tue, 15 Jan 2008 16:02:43 -0500
Subject: Test message

Hello Alice.  This is a test message with 5 header fields and 4 lines in the message body.  Your friend, Bob


--
Message #3
MAIL FROM:
<t6ixt46@bup5yvr6.org>
RCPT TO:
<ps56zn@h4maetpb0.edu> <39dmk@vdl91.net> <h6doi3a8b4@09lc8.net> <5flwoxr@bnzeoa.edu> <fm3am9p@2jp3z.com> <aeb5idwq@al6gp2ny3c.edu> 
DATA:
From: "Bob Example" <t6ixt46@bup5yvr6.org>
To: "Alice Example" <39dmk@vdl91.net>
Cc: ps56zn@h4maetpb0.edu
Date: Tue, 15 Jan 2008 16:02:43 -0500
Subject: Test message

Hello Alice.  This is a test message with 5 header fields and 4 lines in the message body.  Your friend, Bob


--
Message #4
MAIL FROM:
<evkj1@lscyz14fky.org>
RCPT TO:
<cfzc5ks@ci8g7yygzs.com> <1mf8rt@jy04l31a.gov> <8afjwsk@1p2asc.edu> <ldh2utm@0z0erw.org> <2myrs@vzgj4vqt.gov> <zuhpwowt53@vs30aa.com> 
DATA:
From: "Bob Example" <evkj1@lscyz14fky.org>
To: "Alice Example" <1mf8rt@jy04l31a.gov>
Cc: cfzc5ks@ci8g7yygzs.com
Date: Tue, 15 Jan 2008 16:02:43 -0500
Subject: Test message

Hello Alice.  This is a test message with 5 header fields and 4 lines in the message body.  Your friend, Bob


--
Received: QUIT
Connection closed
Connection accepted from 127.0.0.1:40894
Received: HELO hbn2r5pfcs@nil56p5q3.com
Received: MAIL FROM:<hbn2r5pfcs@nil56p5q3.com>
Received: RCPT TO:<dvvkqnf@4ok1wyvl.net>
Received: RCPT TO:<b7pq0dgeyd@7cqegvjf.org>
Received: DATA
Received: From: "Bob Example" <hbn2r5pfcs@nil56p5q3.com>
Received: To: "Alice Example" <dvvkqnf@4ok1wyvl.net>
Received: Cc: b7pq0dgeyd@7cqegvjf.org
Received: Date: Tue, 15 Jan 2008 16:02:43 -0500
Received: Subject: Test message
Received: 
Received: Hello Alice.  This is a test message with 5 header fields and 4 lines in the message body.  Your friend, Bob
Received: 
Received: .
Message ring buffer updated.
Message ring buffer size: 5
Message ring buffer index: 3
Message #0
MAIL FROM:
<legyjl@noj3r.edu>
RCPT TO:
<ndi2lkfqn@0u8fy0.edu> <er52r2858@2f1f6ohs.gov> <zyvfq0d4@ehl5rfv.gov> <277ra@se6gqgw.net> <84njf@mhme7.gov> <vflfow4h@rvo1s.edu> <ylffd0uq1o@o4623bsv.org> <73kqi@k2en9rb.gov> 
DATA:
From: "Bob Example" <legyjl@noj3r.edu>
To: "Alice Example" <er52r2858@2f1f6ohs.gov>
Cc: ndi2lkfqn@0u8fy0.edu
Date: Tue, 15 Jan 2008 16:02:43 -0500
Subject: Test message

Hello Alice.  This is a test message with 5 header fields and 4 lines in the message body.  Your friend, Bob


--
Message #1
MAIL FROM:
<th70n6lp6d@lupy5510.com>
RCPT TO:
<x8uvrjcdr@uoy3ggosw.org> <znj02c0@9h0sb32.net> <yc2xs@8t19a3dxr6.net> <h9gnwky06v@bjosb.gov> <ztmp83@qb5ix.gov> <enhxoxrmp@epl9a8.net> <781c8ar@fe9844a.net> <givbt@g2skpnq867.gov> 
DATA:
From: "Bob Example" <th70n6lp6d@lupy5510.com>
To: "Alice Example" <znj02c0@9h0sb32.net>
Cc: x8uvrjcdr@uoy3ggosw.org
Date: Tue, 15 Jan 2008 16:02:43 -0500
Subject: Test message

Hello Alice.  This is a test message with 5 header fields and 4 lines in the message body.  Your friend, Bob


--
Message #2
MAIL FROM:
<hbn2r5pfcs@nil56p5q3.com>
RCPT TO:
<b7pq0dgeyd@7cqegvjf.org> <dvvkqnf@4ok1wyvl.net> <55v8ap8b6@9uadjkw3md.edu> <yxh7mkg7@bilth.com> <9chcew@gagbg65.edu> <aqs66rfg@ux8wqt.edu> <fczb6h@4rrmo20lo.com> <z22na2@zhqrhc.net> 
DATA:
From: "Bob Example" <hbn2r5pfcs@nil56p5q3.com>
To: "Alice Example" <dvvkqnf@4ok1wyvl.net>
Cc: b7pq0dgeyd@7cqegvjf.org
Date: Tue, 15 Jan 2008 16:02:43 -0500
Subject: Test message

Hello Alice.  This is a test message with 5 header fields and 4 lines in the message body.  Your friend, Bob


--
Message #3
MAIL FROM:
<t6ixt46@bup5yvr6.org>
RCPT TO:
<ps56zn@h4maetpb0.edu> <39dmk@vdl91.net> <h6doi3a8b4@09lc8.net> <5flwoxr@bnzeoa.edu> <fm3am9p@2jp3z.com> <aeb5idwq@al6gp2ny3c.edu> 
DATA:
From: "Bob Example" <t6ixt46@bup5yvr6.org>
To: "Alice Example" <39dmk@vdl91.net>
Cc: ps56zn@h4maetpb0.edu
Date: Tue, 15 Jan 2008 16:02:43 -0500
Subject: Test message

Hello Alice.  This is a test message with 5 header fields and 4 lines in the message body.  Your friend, Bob


--
Message #4
MAIL FROM:
<evkj1@lscyz14fky.org>
RCPT TO:
<cfzc5ks@ci8g7yygzs.com> <1mf8rt@jy04l31a.gov> <8afjwsk@1p2asc.edu> <ldh2utm@0z0erw.org> <2myrs@vzgj4vqt.gov> <zuhpwowt53@vs30aa.com> 
DATA:
From: "Bob Example" <evkj1@lscyz14fky.org>
To: "Alice Example" <1mf8rt@jy04l31a.gov>
Cc: cfzc5ks@ci8g7yygzs.com
Date: Tue, 15 Jan 2008 16:02:43 -0500
Subject: Test message

Hello Alice.  This is a test message with 5 header fields and 4 lines in the message body.  Your friend, Bob


--
Received: QUIT
Connection closed
Connection accepted from 127.0.0.1:34420
Received: HELO pet847@jq0l5oc.net
Received: MAIL FROM:<pet847@jq0l5oc.net>
Received: RCPT TO:<gudeky0dv@wvhgzrm9l.org>
Received: RCPT TO:<ws4nuubmg7@6dqknu.net>
Received: DATA
Received: From: "Bob Example" <pet847@jq0l5oc.net>
Received: To: "Alice Example" <gudeky0dv@wvhgzrm9l.org>
Received: Cc: ws4nuubmg7@6dqknu.net
Received: Date: Tue, 15 Jan 2008 16:02:43 -0500
Received: Subject: Test message
Received: 
Received: Hello Alice.  This is a test message with 5 header fields and 4 lines in the message body.  Your friend, Bob
Received: 
Received: .
Message ring buffer updated.
Message ring buffer size: 5
Message ring buffer index: 4
Message #0
MAIL FROM:
<legyjl@noj3r.edu>
RCPT TO:
<ndi2lkfqn@0u8fy0.edu> <er52r2858@2f1f6ohs.gov> <zyvfq0d4@ehl5rfv.gov> <277ra@se6gqgw.net> <84njf@mhme7.gov> <vflfow4h@rvo1s.edu> <ylffd0uq1o@o4623bsv.org> <73kqi@k2en9rb.gov> 
DATA:
From: "Bob Example" <legyjl@noj3r.edu>
To: "Alice Example" <er52r2858@2f1f6ohs.gov>
Cc: ndi2lkfqn@0u8fy0.edu
Date: Tue, 15 Jan 2008 16:02:43 -0500
Subject: Test message

Hello Alice.  This is a test message with 5 header fields and 4 lines in the message body.  Your friend, Bob


--
Message #1
MAIL FROM:
<th70n6lp6d@lupy5510.com>
RCPT TO:
<x8uvrjcdr@uoy3ggosw.org> <znj02c0@9h0sb32.net> <yc2xs@8t19a3dxr6.net> <h9gnwky06v@bjosb.gov> <ztmp83@qb5ix.gov> <enhxoxrmp@epl9a8.net> <781c8ar@fe9844a.net> <givbt@g2skpnq867.gov> 
DATA:
From: "Bob Example" <th70n6lp6d@lupy5510.com>
To: "Alice Example" <znj02c0@9h0sb32.net>
Cc: x8uvrjcdr@uoy3ggosw.org
Date: Tue, 15 Jan 2008 16:02:43 -0500
Subject: Test message

Hello Alice.  This is a test message with 5 header fields and 4 lines in the message body.  Your friend, Bob


--
Message #2
MAIL FROM:
<hbn2r5pfcs@nil56p5q3.com>
RCPT TO:
<b7pq0dgeyd@7cqegvjf.org> <dvvkqnf@4ok1wyvl.net> <55v8ap8b6@9uadjkw3md.edu> <yxh7mkg7@bilth.com> <9chcew@gagbg65.edu> <aqs66rfg@ux8wqt.edu> <fczb6h@4rrmo20lo.com> <z22na2@zhqrhc.net> 
DATA:
From: "Bob Example" <hbn2r5pfcs@nil56p5q3.com>
To: "Alice Example" <dvvkqnf@4ok1wyvl.net>
Cc: b7pq0dgeyd@7cqegvjf.org
Date: Tue, 15 Jan 2008 16:02:43 -0500
Subject: Test message

Hello Alice.  This is a test message with 5 header fields and 4 lines in the message body.  Your friend, Bob


--
Message #3
MAIL FROM:
<pet847@jq0l5oc.net>
RCPT TO:
<ws4nuubmg7@6dqknu.net> <gudeky0dv@wvhgzrm9l.org> <ps56zn@h4maetpb0.edu> <39dmk@vdl91.net> <h6doi3a8b4@09lc8.net> <5flwoxr@bnzeoa.edu> <fm3am9p@2jp3z.com> <aeb5idwq@al6gp2ny3c.edu> 
DATA:
From: "Bob Example" <pet847@jq0l5oc.net>
To: "Alice Example" <gudeky0dv@wvhgzrm9l.org>
Cc: ws4nuubmg7@6dqknu.net
Date: Tue, 15 Jan 2008 16:02:43 -0500
Subject: Test message

Hello Alice.  This is a test message with 5 header fields and 4 lines in the message body.  Your friend, Bob


--
Message #4
MAIL FROM:
<evkj1@lscyz14fky.org>
RCPT TO:
<cfzc5ks@ci8g7yygzs.com> <1mf8rt@jy04l31a.gov> <8afjwsk@1p2asc.edu> <ldh2utm@0z0erw.org> <2myrs@vzgj4vqt.gov> <zuhpwowt53@vs30aa.com> 
DATA:
From: "Bob Example" <evkj1@lscyz14fky.org>
To: "Alice Example" <1mf8rt@jy04l31a.gov>
Cc: cfzc5ks@ci8g7yygzs.com
Date: Tue, 15 Jan 2008 16:02:43 -0500
Subject: Test message

Hello Alice.  This is a test message with 5 header fields and 4 lines in the message body.  Your friend, Bob


--
Received: QUIT
Connection closed
Connection accepted from 127.0.0.1:34436
Received: HELO zv3re4@rcus7.edu
Received: MAIL FROM:<zv3re4@rcus7.edu>
Received: RCPT TO:<4yxon@rqcqgq.net>
Received: RCPT TO:<86m4fs@qeri4pr.net>
Received: DATA
Received: From: "Bob Example" <zv3re4@rcus7.edu>
Received: To: "Alice Example" <4yxon@rqcqgq.net>
Received: Cc: 86m4fs@qeri4pr.net
Received: Date: Tue, 15 Jan 2008 16:02:43 -0500
Received: Subject: Test message
Received: 
Received: Hello Alice.  This is a test message with 5 header fields and 4 lines in the message body.  Your